INFO  10:20:30 Application started. Press Ctrl+C to shut down.
INFO  10:20:30 Application started. Press Ctrl+C to shut down.
INFO  10:20:30 Hosting environment: Development
INFO  10:20:30 Hosting environment: Development
INFO  10:20:30 Content root path: D:\MyAspDotNetProjects\AuditSeverityModule
INFO  10:20:30 Content root path: D:\MyAspDotNetProjects\AuditSeverityModule
INFO  10:20:31  Http GET Request From: AuditSeverityController
INFO  10:21:21  Http POST Request From: AuditSeverityController
INFO  10:21:21  SeverityResponse Method of SeverityProvider Called 
INFO  10:21:21  Response Method of SeverityRepo Called 
INFO  10:21:32  Http POST Request From: AuditSeverityController
INFO  10:21:32  SeverityResponse Method of SeverityProvider Called 
INFO  10:21:32  Response Method of SeverityRepo Called 
INFO  10:23:21 Application started. Press Ctrl+C to shut down.
INFO  10:23:21 Application started. Press Ctrl+C to shut down.
INFO  10:23:21 Hosting environment: Development
INFO  10:23:21 Hosting environment: Development
INFO  10:23:21 Content root path: C:\Users\suvin\Downloads\Mfpe\AuditSeverityModule
INFO  10:23:21 Content root path: C:\Users\suvin\Downloads\Mfpe\AuditSeverityModule
INFO  10:23:21  Http GET Request From: AuditSeverityController
INFO  10:26:36  Http POST Request From: AuditSeverityController
INFO  10:26:36  SeverityResponse Method of SeverityProvider Called 
INFO  10:26:36  Response Method of SeverityRepo Called 
INFO  11:27:35 Application started. Press Ctrl+C to shut down.
INFO  11:27:35 Application started. Press Ctrl+C to shut down.
INFO  11:27:35 Hosting environment: Development
INFO  11:27:35 Hosting environment: Development
INFO  11:27:35 Content root path: D:\games\MFPE Complete\AuditManagementSystem-master\AuditSeverityModule
INFO  11:27:35 Content root path: D:\games\MFPE Complete\AuditManagementSystem-master\AuditSeverityModule
INFO  11:27:35  Http GET Request From: AuditSeverityController
INFO  11:27:52  Http GET Request From: AuditSeverityController
INFO  11:29:54  Http POST Request From: AuditSeverityController
INFO  11:29:54  SeverityResponse Method of SeverityProvider Called 
INFO  11:29:54  Response Method of SeverityRepo Called 
